\BOOKMARK [0][-]{chapter.1}{Getting started}{}% 1
\BOOKMARK [1][-]{section.1.1}{Output of a simulation}{chapter.1}% 2
\BOOKMARK [1][-]{section.1.2}{Post-processing}{chapter.1}% 3
\BOOKMARK [1][-]{section.1.3}{The compile.sh file}{chapter.1}% 4
\BOOKMARK [2][-]{subsection.1.3.1}{Parameters declaration}{section.1.3}% 5
\BOOKMARK [2][-]{subsection.1.3.2}{Cleaning of set\137run folder}{section.1.3}% 6
\BOOKMARK [2][-]{subsection.1.3.3}{Copying and editing}{section.1.3}% 7
\BOOKMARK [0][-]{chapter.2}{Code flowchart}{}% 8
\BOOKMARK [1][-]{section.2.1}{Main code}{chapter.2}% 9
\BOOKMARK [2][-]{subsection.2.1.1}{FLOW\13736}{section.2.1}% 10
\BOOKMARK [2][-]{subsection.2.1.2}{read\137input}{section.2.1}% 11
\BOOKMARK [2][-]{subsection.2.1.3}{define\137sizes}{section.2.1}% 12
\BOOKMARK [2][-]{subsection.2.1.4}{create\137plan}{section.2.1}% 13
\BOOKMARK [2][-]{subsection.2.1.5}{dump\137grid}{section.2.1}% 14
\BOOKMARK [2][-]{subsection.2.1.6}{wave\137numbers}{section.2.1}% 15
\BOOKMARK [2][-]{subsection.2.1.7}{initialize}{section.2.1}% 16
\BOOKMARK [2][-]{subsection.2.1.8}{initialize\137phi}{section.2.1}% 17
\BOOKMARK [2][-]{subsection.2.1.9}{write\137failure}{section.2.1}% 18
\BOOKMARK [2][-]{subsection.2.1.10}{write\137output, write\137output\137spectral and write\137output\137recovery}{section.2.1}% 19
\BOOKMARK [2][-]{subsection.2.1.11}{integral\137phi}{section.2.1}% 20
\BOOKMARK [2][-]{subsection.2.1.12}{initialize\137check}{section.2.1}% 21
\BOOKMARK [2][-]{subsection.2.1.13}{sim\137check}{section.2.1}% 22
\BOOKMARK [2][-]{subsection.2.1.14}{destroy and destroy\137phi}{section.2.1}% 23
\BOOKMARK [2][-]{subsection.2.1.15}{destroy\137plan}{section.2.1}% 24
\BOOKMARK [1][-]{section.2.2}{Solver}{chapter.2}% 25
\BOOKMARK [2][-]{subsection.2.2.1}{convective\137ns}{section.2.2}% 26
\BOOKMARK [2][-]{subsection.2.2.2}{phi\137non\137linear}{section.2.2}% 27
\BOOKMARK [2][-]{subsection.2.2.3}{euler, adams\137bashforth, euler\137phi and adams\137bashforth\137phi}{section.2.2}% 28
\BOOKMARK [2][-]{subsection.2.2.4}{hist\137term}{section.2.2}% 29
\BOOKMARK [2][-]{subsection.2.2.5}{calculate\137w}{section.2.2}% 30
\BOOKMARK [2][-]{subsection.2.2.6}{calculate\137omega}{section.2.2}% 31
\BOOKMARK [2][-]{subsection.2.2.7}{calculate\137uv}{section.2.2}% 32
\BOOKMARK [2][-]{subsection.2.2.8}{sterm\137ch}{section.2.2}% 33
\BOOKMARK [2][-]{subsection.2.2.9}{calculate\137phi}{section.2.2}% 34
\BOOKMARK [2][-]{subsection.2.2.10}{courant\137check}{section.2.2}% 35
\BOOKMARK [2][-]{subsection.2.2.11}{dz and dz\137red}{section.2.2}% 36
\BOOKMARK [2][-]{subsection.2.2.12}{helmholtz, helmholtz\137red and helmholtz\137rred}{section.2.2}% 37
\BOOKMARK [2][-]{subsection.2.2.13}{gauss\137solver, gauss\137solver\137red and gauss\137solver\137rred}{section.2.2}% 38
\BOOKMARK [1][-]{section.2.3}{Transforms}{chapter.2}% 39
\BOOKMARK [2][-]{subsection.2.3.1}{phys\137to\137spectral}{section.2.3}% 40
\BOOKMARK [2][-]{subsection.2.3.2}{fftx\137fwd}{section.2.3}% 41
\BOOKMARK [2][-]{subsection.2.3.3}{yz2xz}{section.2.3}% 42
\BOOKMARK [2][-]{subsection.2.3.4}{ffty\137fwd}{section.2.3}% 43
\BOOKMARK [2][-]{subsection.2.3.5}{xz2xy}{section.2.3}% 44
\BOOKMARK [2][-]{subsection.2.3.6}{dctz\137fwd}{section.2.3}% 45
\BOOKMARK [2][-]{subsection.2.3.7}{spectral\137to\137phys}{section.2.3}% 46
\BOOKMARK [2][-]{subsection.2.3.8}{dctz\137bwd}{section.2.3}% 47
\BOOKMARK [2][-]{subsection.2.3.9}{xy2xz}{section.2.3}% 48
\BOOKMARK [2][-]{subsection.2.3.10}{ffty\137bwd}{section.2.3}% 49
\BOOKMARK [2][-]{subsection.2.3.11}{xz2yz}{section.2.3}% 50
\BOOKMARK [2][-]{subsection.2.3.12}{fftx\137bwd}{section.2.3}% 51
\BOOKMARK [1][-]{section.2.4}{Statistic calculation}{chapter.2}% 52
\BOOKMARK [2][-]{subsection.2.4.1}{initialize\137stats}{section.2.4}% 53
\BOOKMARK [2][-]{subsection.2.4.2}{del\137old\137stats}{section.2.4}% 54
\BOOKMARK [2][-]{subsection.2.4.3}{statistics}{section.2.4}% 55
\BOOKMARK [2][-]{subsection.2.4.4}{mean\137calc}{section.2.4}% 56
\BOOKMARK [2][-]{subsection.2.4.5}{budget\137calc}{section.2.4}% 57
\BOOKMARK [2][-]{subsection.2.4.6}{sterm\137pressure}{section.2.4}% 58
\BOOKMARK [2][-]{subsection.2.4.7}{power\137spectra}{section.2.4}% 59
\BOOKMARK [1][-]{section.2.5}{Modules}{chapter.2}% 60
\BOOKMARK [0][-]{chapter.3}{Numerical method}{}% 61
\BOOKMARK [1][-]{section.3.1}{Problem description}{chapter.3}% 62
\BOOKMARK [1][-]{section.3.2}{Single phase flow}{chapter.3}% 63
\BOOKMARK [1][-]{section.3.3}{Phase Field Model}{chapter.3}% 64
\BOOKMARK [2][-]{subsection.3.3.1}{Cahn\205Hilliard equation}{section.3.3}% 65
\BOOKMARK [1][-]{section.3.4}{Boundary conditions}{chapter.3}% 66
\BOOKMARK [2][-]{subsection.3.4.1}{No\205slip condition}{section.3.4}% 67
\BOOKMARK [2][-]{subsection.3.4.2}{Free\205slip condition}{section.3.4}% 68
\BOOKMARK [2][-]{subsection.3.4.3}{Recap of the boundary conditions for the Navier\205Stokes equation}{section.3.4}% 69
\BOOKMARK [2][-]{subsection.3.4.4}{Closed channel and open channel}{section.3.4}% 70
\BOOKMARK [1][-]{section.3.5}{Pseudospectral spatial discretization}{chapter.3}% 71
\BOOKMARK [1][-]{section.3.6}{Time discretization}{chapter.3}% 72
\BOOKMARK [2][-]{subsection.3.6.1}{Dealiasing}{section.3.6}% 73
\BOOKMARK [1][-]{section.3.7}{Chebyshev\205Tau method}{chapter.3}% 74
\BOOKMARK [2][-]{subsection.3.7.1}{General method}{section.3.7}% 75
\BOOKMARK [2][-]{subsection.3.7.2}{Application to the 2nd order equation for vorticity}{section.3.7}% 76
\BOOKMARK [2][-]{subsection.3.7.3}{Application to the 4th order equation for velocity}{section.3.7}% 77
\BOOKMARK [1][-]{section.3.8}{Influence matrix}{chapter.3}% 78
\BOOKMARK [2][-]{subsection.3.8.1}{General method}{section.3.8}% 79
\BOOKMARK [2][-]{subsection.3.8.2}{Application to the 4th order equation for }{section.3.8}% 80
\BOOKMARK [1][-]{section.3.9}{Wall units and outer units}{chapter.3}% 81
\BOOKMARK [0][-]{chapter.4}{Domain decomposition}{}% 82
\BOOKMARK [1][-]{section.4.1}{Slab decomposition}{chapter.4}% 83
\BOOKMARK [1][-]{section.4.2}{Pencil decomposition}{chapter.4}% 84
\BOOKMARK [1][-]{section.4.3}{Domain decomposition strategies benchmark}{chapter.4}% 85
\BOOKMARK [0][-]{chapter.5}{Code validation}{}% 86
\BOOKMARK [1][-]{section.5.1}{Single phase validation}{chapter.5}% 87
\BOOKMARK [1][-]{section.5.2}{Phase field validation}{chapter.5}% 88
